#
# There is insufficient memory for the Java Runtime Environment to continue.
# Native memory allocation (malloc) failed to allocate 885856 bytes. Error detail: Chunk::new
# Possible reasons:
#   The system is out of physical RAM or swap space
#   This process is running with CompressedOops enabled, and the Java Heap may be blocking the growth of the native heap
# Possible solutions:
#   Reduce memory load on the system
#   Increase physical memory or swap space
#   Check if swap backing store is full
#   Decrease Java heap size (-Xmx/-Xms)
#   Decrease number of Java threads
#   Decrease Java thread stack sizes (-Xss)
#   Set larger code cache with -XX:ReservedCodeCacheSize=
#   JVM is running with Zero Based Compressed Oops mode in which the Java heap is
#     placed in the first 32GB address space. The Java Heap base address is the
#     maximum limit for the native heap growth. Please use -XX:HeapBaseMinAddress
#     to set the Java Heap base and to place the Java Heap above 32GB virtual address.
# This output file may be truncated or incomplete.
#
#  Out of Memory Error (arena.cpp:168), pid=38584, tid=14292
#
# JRE version: OpenJDK Runtime Environment JBR-21.0.6+9-895.109-jcef (21.0.6+9) (build 21.0.6+9-b895.109)
# Java VM: OpenJDK 64-Bit Server VM JBR-21.0.6+9-895.109-jcef (21.0.6+9-b895.109, mixed mode, sharing, tiered, compressed oops, compressed class ptrs, g1 gc, windows-amd64)
# No core dump will be written. Minidumps are not enabled by default on client versions of Windows
#

---------------  S U M M A R Y ------------

Command Line: git4idea.http.GitAskPassApp Password for 'https://Joshot@github.com': 

Host: 12th Gen Intel(R) Core(TM) i7-12650H, 16 cores, 15G,  Windows 11 , 64 bit Build 22621 (10.0.22621.5124)
Time: Thu May 22 19:53:33 2025 SE Asia Standard Time elapsed time: 0.338104 seconds (0d 0h 0m 0s)

---------------  T H R E A D  ---------------

Current thread (0x000001a2c8e8edf0):  JavaThread "C2 CompilerThread0" daemon [_thread_in_native, id=14292, stack(0x00000035a6b00000,0x00000035a6c00000) (1024K)]


Current CompileTask:
C2:338 1156       4       sun.security.ec.ECOperations::setDouble (463 bytes)

Stack: [0x00000035a6b00000,0x00000035a6c00000]
Native frames: (J=compiled Java code, j=interpreted, Vv=VM code, C=native code)
V  [jvm.dll+0x6e5cb9]
V  [jvm.dll+0x8c4113]
V  [jvm.dll+0x8c666e]
V  [jvm.dll+0x8c6d53]
V  [jvm.dll+0x288f76]
V  [jvm.dll+0xc66dd]
V  [jvm.dll+0xc6c13]
V  [jvm.dll+0x2feb80]
V  [jvm.dll+0x60c839]
V  [jvm.dll+0x2598d2]
V  [jvm.dll+0x259c8f]
V  [jvm.dll+0x252435]
V  [jvm.dll+0x24fc8e]
V  [jvm.dll+0x1cd6c4]
V  [jvm.dll+0x25f60c]
V  [jvm.dll+0x25db56]
V  [jvm.dll+0x3ff796]
V  [jvm.dll+0x86bc68]
V  [jvm.dll+0x6e44bd]
C  [ucrtbase.dll+0x29333]
C  [KERNEL32.DLL+0x1259d]
C  [ntdll.dll+0x5af38]


---------------  P R O C E S S  ---------------

Threads class SMR info:
_java_thread_list=0x000001a30e800390, length=19, elements={
0x000001a2ab393220, 0x000001a2c8e83ee0, 0x000001a2c8e84b90, 0x000001a2c8e88f00,
0x000001a2c8e89a80, 0x000001a2c8e8b3b0, 0x000001a2c8e8bf30, 0x000001a2c8e8edf0,
0x000001a2c8e8f880, 0x000001a30e0b25e0, 0x000001a30e0b2c80, 0x000001a30e1492e0,
0x000001a30e14b330, 0x000001a30e7dd6e0, 0x000001a30e86df10, 0x000001a30e866d70,
0x000001a30e86b8a0, 0x000001a30e86bf40, 0x000001a30e8dd290
}

Java Threads: ( => current thread )
  0x000001a2ab393220 JavaThread "main"                              [_thread_blocked, id=43964, stack(0x00000035a5d00000,0x00000035a5e00000) (1024K)]
  0x000001a2c8e83ee0 JavaThread "Reference Handler"          daemon [_thread_blocked, id=9560, stack(0x00000035a6500000,0x00000035a6600000) (1024K)]
  0x000001a2c8e84b90 JavaThread "Finalizer"                  daemon [_thread_blocked, id=7412, stack(0x00000035a6600000,0x00000035a6700000) (1024K)]
  0x000001a2c8e88f00 JavaThread "Signal Dispatcher"          daemon [_thread_blocked, id=33776, stack(0x00000035a6700000,0x00000035a6800000) (1024K)]
  0x000001a2c8e89a80 JavaThread "Attach Listener"            daemon [_thread_blocked, id=43828, stack(0x00000035a6800000,0x00000035a6900000) (1024K)]
  0x000001a2c8e8b3b0 JavaThread "Service Thread"             daemon [_thread_blocked, id=6860, stack(0x00000035a6900000,0x00000035a6a00000) (1024K)]
  0x000001a2c8e8bf30 JavaThread "Monitor Deflation Thread"   daemon [_thread_blocked, id=41200, stack(0x00000035a6a00000,0x00000035a6b00000) (1024K)]
=>0x000001a2c8e8edf0 JavaThread "C2 CompilerThread0"         daemon [_thread_in_native, id=14292, stack(0x00000035a6b00000,0x00000035a6c00000) (1024K)]
  0x000001a2c8e8f880 JavaThread "C1 CompilerThread0"         daemon [_thread_blocked, id=25644, stack(0x00000035a6c00000,0x00000035a6d00000) (1024K)]
  0x000001a30e0b25e0 JavaThread "C1 CompilerThread1"         daemon [_thread_in_native, id=37064, stack(0x00000035a6d00000,0x00000035a6e00000) (1024K)]
  0x000001a30e0b2c80 JavaThread "C1 CompilerThread2"         daemon [_thread_in_native, id=32340, stack(0x00000035a6e00000,0x00000035a6f00000) (1024K)]
  0x000001a30e1492e0 JavaThread "Notification Thread"        daemon [_thread_blocked, id=37800, stack(0x00000035a6f00000,0x00000035a7000000) (1024K)]
  0x000001a30e14b330 JavaThread "Common-Cleaner"             daemon [_thread_blocked, id=22028, stack(0x00000035a7000000,0x00000035a7100000) (1024K)]
  0x000001a30e7dd6e0 JavaThread "HttpClient-1-SelectorManager" daemon [_thread_in_native, id=11036, stack(0x00000035a7100000,0x00000035a7200000) (1024K)]
  0x000001a30e86df10 JavaThread "HttpClient-1-Worker-0"      daemon [_thread_in_vm, id=29380, stack(0x00000035a7300000,0x00000035a7400000) (1024K)]
  0x000001a30e866d70 JavaThread "HttpClient-1-Worker-1"      daemon [_thread_blocked, id=4276, stack(0x00000035a7400000,0x00000035a7500000) (1024K)]
  0x000001a30e86b8a0 JavaThread "C2 CompilerThread1"         daemon [_thread_blocked, id=18472, stack(0x00000035a7500000,0x00000035a7600000) (1024K)]
  0x000001a30e86bf40 JavaThread "C2 CompilerThread2"         daemon [_thread_blocked, id=35928, stack(0x00000035a7600000,0x00000035a7700000) (1024K)]
  0x000001a30e8dd290 JavaThread "C2 CompilerThread3"         daemon [_thread_in_native, id=39248, stack(0x00000035a7700000,0x00000035a7800000) (1024K)]
Total: 19

Other Threads:
  0x000001a2ab36d020 VMThread "VM Thread"                           [id=16248, stack(0x00000035a6400000,0x00000035a6500000) (1024K)]
  0x000001a2c8e57280 WatcherThread "VM Periodic Task Thread"        [id=23336, stack(0x00000035a6300000,0x00000035a6400000) (1024K)]
  0x000001a2ab36e5e0 WorkerThread "GC Thread#0"                     [id=3004, stack(0x00000035a5e00000,0x00000035a5f00000) (1024K)]
  0x000001a2ad704130 ConcurrentGCThread "G1 Main Marker"            [id=3736, stack(0x00000035a5f00000,0x00000035a6000000) (1024K)]
  0x000001a2ab36db00 WorkerThread "G1 Conc#0"                       [id=22396, stack(0x00000035a6000000,0x00000035a6100000) (1024K)]
  0x000001a2c8d28440 ConcurrentGCThread "G1 Refine#0"               [id=18328, stack(0x00000035a6100000,0x00000035a6200000) (1024K)]
  0x000001a2c8d28c60 ConcurrentGCThread "G1 Service"                [id=18716, stack(0x00000035a6200000,0x00000035a6300000) (1024K)]
Total: 7

Threads with active compile tasks:
C2 CompilerThread0  355 1156       4       sun.security.ec.ECOperations::setDouble (463 bytes)
C2 CompilerThread3  355 1218       4       java.lang.AbstractStringBuilder::append (45 bytes)
Total: 2

VM state: not at safepoint (normal execution)

VM Mutex/Monitor currently owned by a thread: None

Heap address: 0x0000000704400000, size: 4028 MB, Compressed Oops mode: Zero based, Oop shift amount: 3

CDS archive(s) mapped at: [0x000001a2c9000000-0x000001a2c9d00000-0x000001a2c9d00000), size 13631488, SharedBaseAddress: 0x000001a2c9000000, ArchiveRelocationMode: 1.
Compressed class space mapped at: 0x000001a2ca000000-0x000001a30a000000, reserved size: 1073741824
Narrow klass base: 0x000001a2c9000000, Narrow klass shift: 0, Narrow klass range: 0x100000000

GC Precious Log:
 CardTable entry size: 512
 Card Set container configuration: InlinePtr #cards 4 size 8 Array Of Cards #cards 16 size 48 Howl #buckets 8 coarsen threshold 3686 Howl Bitmap #cards 512 size 80 coarsen threshold 460 Card regions per heap region 1 cards per card region 4096
 CPUs: 16 total, 16 available
 Memory: 16109M
 Large Page Support: Disabled
 NUMA Support: Disabled
 Compressed Oops: Enabled (Zero based)
 Heap Region Size: 2M
 Heap Min Capacity: 8M
 Heap Initial Capacity: 252M
 Heap Max Capacity: 4028M
 Pre-touch: Disabled
 Parallel Workers: 13
 Concurrent Workers: 3
 Concurrent Refinement Workers: 13
 Periodic GC: Disabled

Heap:
 garbage-first heap   total 258048K, used 16384K [0x0000000704400000, 0x0000000800000000)
  region size 2048K, 9 young (18432K), 0 survivors (0K)
 Metaspace       used 9079K, committed 9344K, reserved 1114112K
  class space    used 1032K, committed 1152K, reserved 1048576K

Heap Regions: E=young(eden), S=young(survivor), O=old, HS=humongous(starts), HC=humongous(continues), CS=collection set, F=free, TAMS=top-at-mark-start, PB=parsable bottom
|   0|0x0000000704400000, 0x0000000704400000, 0x0000000704600000|  0%| F|  |TAMS 0x0000000704400000| PB 0x0000000704400000| Untracked 
|   1|0x0000000704600000, 0x0000000704600000, 0x0000000704800000|  0%| F|  |TAMS 0x0000000704600000| PB 0x0000000704600000| Untracked 
|   2|0x0000000704800000, 0x0000000704800000, 0x0000000704a00000|  0%| F|  |TAMS 0x0000000704800000| PB 0x0000000704800000| Untracked 
|   3|0x0000000704a00000, 0x0000000704a00000, 0x0000000704c00000|  0%| F|  |TAMS 0x0000000704a00000| PB 0x0000000704a00000| Untracked 
|   4|0x0000000704c00000, 0x0000000704c00000, 0x0000000704e00000|  0%| F|  |TAMS 0x0000000704c00000| PB 0x0000000704c00000| Untracked 
|   5|0x0000000704e00000, 0x0000000704e00000, 0x0000000705000000|  0%| F|  |TAMS 0x0000000704e00000| PB 0x0000000704e00000| Untracked 
|   6|0x0000000705000000, 0x0000000705000000, 0x0000000705200000|  0%| F|  |TAMS 0x0000000705000000| PB 0x0000000705000000| Untracked 
|   7|0x0000000705200000, 0x0000000705200000, 0x0000000705400000|  0%| F|  |TAMS 0x0000000705200000| PB 0x0000000705200000| Untracked 
|   8|0x0000000705400000, 0x0000000705400000, 0x0000000705600000|  0%| F|  |TAMS 0x0000000705400000| PB 0x0000000705400000| Untracked 
|   9|0x0000000705600000, 0x0000000705600000, 0x0000000705800000|  0%| F|  |TAMS 0x0000000705600000| PB 0x0000000705600000| Untracked 
|  10|0x0000000705800000, 0x0000000705800000, 0x0000000705a00000|  0%| F|  |TAMS 0x0000000705800000| PB 0x0000000705800000| Untracked 
|  11|0x0000000705a00000, 0x0000000705a00000, 0x0000000705c00000|  0%| F|  |TAMS 0x0000000705a00000| PB 0x0000000705a00000| Untracked 
|  12|0x0000000705c00000, 0x0000000705c00000, 0x0000000705e00000|  0%| F|  |TAMS 0x0000000705c00000| PB 0x0000000705c00000| Untracked 
|  13|0x0000000705e00000, 0x0000000705e00000, 0x0000000706000000|  0%| F|  |TAMS 0x0000000705e00000| PB 0x0000000705e00000| Untracked 
|  14|0x0000000706000000, 0x0000000706000000, 0x0000000706200000|  0%| F|  |TAMS 0x0000000706000000| PB 0x0000000706000000| Untracked 
|  15|0x0000000706200000, 0x0000000706200000, 0x0000000706400000|  0%| F|  |TAMS 0x0000000706200000| PB 0x0000000706200000| Untracked 
|  16|0x0000000706400000, 0x0000000706400000, 0x0000000706600000|  0%| F|  |TAMS 0x0000000706400000| PB 0x0000000706400000| Untracked 
|  17|0x0000000706600000, 0x0000000706600000, 0x0000000706800000|  0%| F|  |TAMS 0x0000000706600000| PB 0x0000000706600000| Untracked 
|  18|0x0000000706800000, 0x0000000706800000, 0x0000000706a00000|  0%| F|  |TAMS 0x0000000706800000| PB 0x0000000706800000| Untracked 
|  19|0x0000000706a00000, 0x0000000706a00000, 0x0000000706c00000|  0%| F|  |TAMS 0x0000000706a00000| PB 0x0000000706a00000| Untracked 
|  20|0x0000000706c00000, 0x0000000706c00000, 0x0000000706e00000|  0%| F|  |TAMS 0x0000000706c00000| PB 0x0000000706c00000| Untracked 
|  21|0x0000000706e00000, 0x0000000706e00000, 0x0000000707000000|  0%| F|  |TAMS 0x0000000706e00000| PB 0x0000000706e00000| Untracked 
|  22|0x0000000707000000, 0x0000000707000000, 0x0000000707200000|  0%| F|  |TAMS 0x0000000707000000| PB 0x0000000707000000| Untracked 
|  23|0x0000000707200000, 0x0000000707200000, 0x0000000707400000|  0%| F|  |TAMS 0x0000000707200000| PB 0x0000000707200000| Untracked 
|  24|0x0000000707400000, 0x0000000707400000, 0x0000000707600000|  0%| F|  |TAMS 0x0000000707400000| PB 0x0000000707400000| Untracked 
|  25|0x0000000707600000, 0x0000000707600000, 0x0000000707800000|  0%| F|  |TAMS 0x0000000707600000| PB 0x0000000707600000| Untracked 
|  26|0x0000000707800000, 0x0000000707800000, 0x0000000707a00000|  0%| F|  |TAMS 0x0000000707800000| PB 0x0000000707800000| Untracked 
|  27|0x0000000707a00000, 0x0000000707a00000, 0x0000000707c00000|  0%| F|  |TAMS 0x0000000707a00000| PB 0x0000000707a00000| Untracked 
|  28|0x0000000707c00000, 0x0000000707c00000, 0x0000000707e00000|  0%| F|  |TAMS 0x0000000707c00000| PB 0x0000000707c00000| Untracked 
|  29|0x0000000707e00000, 0x0000000707e00000, 0x0000000708000000|  0%| F|  |TAMS 0x0000000707e00000| PB 0x0000000707e00000| Untracked 
|  30|0x0000000708000000, 0x0000000708000000, 0x0000000708200000|  0%| F|  |TAMS 0x0000000708000000| PB 0x0000000708000000| Untracked 
|  31|0x0000000708200000, 0x0000000708200000, 0x0000000708400000|  0%| F|  |TAMS 0x0000000708200000| PB 0x0000000708200000| Untracked 
|  32|0x0000000708400000, 0x0000000708400000, 0x0000000708600000|  0%| F|  |TAMS 0x0000000708400000| PB 0x0000000708400000| Untracked 
|  33|0x0000000708600000, 0x0000000708600000, 0x0000000708800000|  0%| F|  |TAMS 0x0000000708600000| PB 0x0000000708600000| Untracked 
|  34|0x0000000708800000, 0x0000000708800000, 0x0000000708a00000|  0%| F|  |TAMS 0x0000000708800000| PB 0x0000000708800000| Untracked 
|  35|0x0000000708a00000, 0x0000000708a00000, 0x0000000708c00000|  0%| F|  |TAMS 0x0000000708a00000| PB 0x0000000708a00000| Untracked 
|  36|0x0000000708c00000, 0x0000000708c00000, 0x0000000708e00000|  0%| F|  |TAMS 0x0000000708c00000| PB 0x0000000708c00000| Untracked 
|  37|0x0000000708e00000, 0x0000000708e00000, 0x0000000709000000|  0%| F|  |TAMS 0x0000000708e00000| PB 0x0000000708e00000| Untracked 
|  38|0x0000000709000000, 0x0000000709000000, 0x0000000709200000|  0%| F|  |TAMS 0x0000000709000000| PB 0x0000000709000000| Untracked 
|  39|0x0000000709200000, 0x0000000709200000, 0x0000000709400000|  0%| F|  |TAMS 0x0000000709200000| PB 0x0000000709200000| Untracked 
|  40|0x0000000709400000, 0x0000000709400000, 0x0000000709600000|  0%| F|  |TAMS 0x0000000709400000| PB 0x0000000709400000| Untracked 
|  41|0x0000000709600000, 0x0000000709600000, 0x0000000709800000|  0%| F|  |TAMS 0x0000000709600000| PB 0x0000000709600000| Untracked 
|  42|0x0000000709800000, 0x0000000709800000, 0x0000000709a00000|  0%| F|  |TAMS 0x0000000709800000| PB 0x0000000709800000| Untracked 
|  43|0x0000000709a00000, 0x0000000709a00000, 0x0000000709c00000|  0%| F|  |TAMS 0x0000000709a00000| PB 0x0000000709a00000| Untracked 
|  44|0x0000000709c00000, 0x0000000709c00000, 0x0000000709e00000|  0%| F|  |TAMS 0x0000000709c00000| PB 0x0000000709c00000| Untracked 
|  45|0x0000000709e00000, 0x0000000709e00000, 0x000000070a000000|  0%| F|  |TAMS 0x0000000709e00000| PB 0x0000000709e00000| Untracked 
|  46|0x000000070a000000, 0x000000070a000000, 0x000000070a200000|  0%| F|  |TAMS 0x000000070a000000| PB 0x000000070a000000| Untracked 
|  47|0x000000070a200000, 0x000000070a200000, 0x000000070a400000|  0%| F|  |TAMS 0x000000070a200000| PB 0x000000070a200000| Untracked 
|  48|0x000000070a400000, 0x000000070a400000, 0x000000070a600000|  0%| F|  |TAMS 0x000000070a400000| PB 0x000000070a400000| Untracked 
|  49|0x000000070a600000, 0x000000070a600000, 0x000000070a800000|  0%| F|  |TAMS 0x000000070a600000| PB 0x000000070a600000| Untracked 
|  50|0x000000070a800000, 0x000000070a800000, 0x000000070aa00000|  0%| F|  |TAMS 0x000000070a800000| PB 0x000000070a800000| Untracked 
|  51|0x000000070aa00000, 0x000000070aa00000, 0x000000070ac00000|  0%| F|  |TAMS 0x000000070aa00000| PB 0x000000070aa00000| Untracked 
|  52|0x000000070ac00000, 0x000000070ac00000, 0x000000070ae00000|  0%| F|  |TAMS 0x000000070ac00000| PB 0x000000070ac00000| Untracked 
|  53|0x000000070ae00000, 0x000000070ae00000, 0x000000070b000000|  0%| F|  |TAMS 0x000000070ae00000| PB 0x000000070ae00000| Untracked 
|  54|0x000000070b000000, 0x000000070b000000, 0x000000070b200000|  0%| F|  |TAMS 0x000000070b000000| PB 0x000000070b000000| Untracked 
|  55|0x000000070b200000, 0x000000070b200000, 0x000000070b400000|  0%| F|  |TAMS 0x000000070b200000| PB 0x000000070b200000| Untracked 
|  56|0x000000070b400000, 0x000000070b400000, 0x000000070b600000|  0%| F|  |TAMS 0x000000070b400000| PB 0x000000070b400000| Untracked 
|  57|0x000000070b600000, 0x000000070b600000, 0x000000070b800000|  0%| F|  |TAMS 0x000000070b600000| PB 0x000000070b600000| Untracked 
|  58|0x000000070b800000, 0x000000070b800000, 0x000000070ba00000|  0%| F|  |TAMS 0x000000070b800000| PB 0x000000070b800000| Untracked 
|  59|0x000000070ba00000, 0x000000070ba00000, 0x000000070bc00000|  0%| F|  |TAMS 0x000000070ba00000| PB 0x000000070ba00000| Untracked 
|  60|0x000000070bc00000, 0x000000070bc00000, 0x000000070be00000|  0%| F|  |TAMS 0x000000070bc00000| PB 0x000000070bc00000| Untracked 
|  61|0x000000070be00000, 0x000000070be00000, 0x000000070c000000|  0%| F|  |TAMS 0x000000070be00000| PB 0x000000070be00000| Untracked 
|  62|0x000000070c000000, 0x000000070c000000, 0x000000070c200000|  0%| F|  |TAMS 0x000000070c000000| PB 0x000000070c000000| Untracked 
|  63|0x000000070c200000, 0x000000070c200000, 0x000000070c400000|  0%| F|  |TAMS 0x000000070c200000| PB 0x000000070c200000| Untracked 
|  64|0x000000070c400000, 0x000000070c400000, 0x000000070c600000|  0%| F|  |TAMS 0x000000070c400000| PB 0x000000070c400000| Untracked 
|  65|0x000000070c600000, 0x000000070c600000, 0x000000070c800000|  0%| F|  |TAMS 0x000000070c600000| PB 0x000000070c600000| Untracked 
|  66|0x000000070c800000, 0x000000070c800000, 0x000000070ca00000|  0%| F|  |TAMS 0x000000070c800000| PB 0x000000070c800000| Untracked 
|  67|0x000000070ca00000, 0x000000070ca00000, 0x000000070cc00000|  0%| F|  |TAMS 0x000000070ca00000| PB 0x000000070ca00000| Untracked 
|  68|0x000000070cc00000, 0x000000070cc00000, 0x000000070ce00000|  0%| F|  |TAMS 0x000000070cc00000| PB 0x000000070cc00000| Untracked 
|  69|0x000000070ce00000, 0x000000070ce00000, 0x000000070d000000|  0%| F|  |TAMS 0x000000070ce00000| PB 0x000000070ce00000| Untracked 
|  70|0x000000070d000000, 0x000000070d000000, 0x000000070d200000|  0%| F|  |TAMS 0x000000070d000000| PB 0x000000070d000000| Untracked 
|  71|0x000000070d200000, 0x000000070d200000, 0x000000070d400000|  0%| F|  |TAMS 0x000000070d200000| PB 0x000000070d200000| Untracked 
|  72|0x000000070d400000, 0x000000070d400000, 0x000000070d600000|  0%| F|  |TAMS 0x000000070d400000| PB 0x000000070d400000| Untracked 
|  73|0x000000070d600000, 0x000000070d600000, 0x000000070d800000|  0%| F|  |TAMS 0x000000070d600000| PB 0x000000070d600000| Untracked 
|  74|0x000000070d800000, 0x000000070d800000, 0x000000070da00000|  0%| F|  |TAMS 0x000000070d800000| PB 0x000000070d800000| Untracked 
|  75|0x000000070da00000, 0x000000070da00000, 0x000000070dc00000|  0%| F|  |TAMS 0x000000070da00000| PB 0x000000070da00000| Untracked 
|  76|0x000000070dc00000, 0x000000070dc00000, 0x000000070de00000|  0%| F|  |TAMS 0x000000070dc00000| PB 0x000000070dc00000| Untracked 
|  77|0x000000070de00000, 0x000000070de00000, 0x000000070e000000|  0%| F|  |TAMS 0x000000070de00000| PB 0x000000070de00000| Untracked 
|  78|0x000000070e000000, 0x000000070e000000, 0x000000070e200000|  0%| F|  |TAMS 0x000000070e000000| PB 0x000000070e000000| Untracked 
|  79|0x000000070e200000, 0x000000070e200000, 0x000000070e400000|  0%| F|  |TAMS 0x000000070e200000| PB 0x000000070e200000| Untracked 
|  80|0x000000070e400000, 0x000000070e400000, 0x000000070e600000|  0%| F|  |TAMS 0x000000070e400000| PB 0x000000070e400000| Untracked 
|  81|0x000000070e600000, 0x000000070e600000, 0x000000070e800000|  0%| F|  |TAMS 0x000000070e600000| PB 0x000000070e600000| Untracked 
|  82|0x000000070e800000, 0x000000070e800000, 0x000000070ea00000|  0%| F|  |TAMS 0x000000070e800000| PB 0x000000070e800000| Untracked 
|  83|0x000000070ea00000, 0x000000070ea00000, 0x000000070ec00000|  0%| F|  |TAMS 0x000000070ea00000| PB 0x000000070ea00000| Untracked 
|  84|0x000000070ec00000, 0x000000070ec00000, 0x000000070ee00000|  0%| F|  |TAMS 0x000000070ec00000| PB 0x000000070ec00000| Untracked 
|  85|0x000000070ee00000, 0x000000070ee00000, 0x000000070f000000|  0%| F|  |TAMS 0x000000070ee00000| PB 0x000000070ee00000| Untracked 
|  86|0x000000070f000000, 0x000000070f000000, 0x000000070f200000|  0%| F|  |TAMS 0x000000070f000000| PB 0x000000070f000000| Untracked 
|  87|0x000000070f200000, 0x000000070f200000, 0x000000070f400000|  0%| F|  |TAMS 0x000000070f200000| PB 0x000000070f200000| Untracked 
|  88|0x000000070f400000, 0x000000070f400000, 0x000000070f600000|  0%| F|  |TAMS 0x000000070f400000| PB 0x000000070f400000| Untracked 
|  89|0x000000070f600000, 0x000000070f600000, 0x000000070f800000|  0%| F|  |TAMS 0x000000070f600000| PB 0x000000070f600000| Untracked 
|  90|0x000000070f800000, 0x000000070f800000, 0x000000070fa00000|  0%| F|  |TAMS 0x000000070f800000| PB 0x000000070f800000| Untracked 
|  91|0x000000070fa00000, 0x000000070fa00000, 0x000000070fc00000|  0%| F|  |TAMS 0x000000070fa00000| PB 0x000000070fa00000| Untracked 
|  92|0x000000070fc00000, 0x000000070fc00000, 0x000000070fe00000|  0%| F|  |TAMS 0x000000070fc00000| PB 0x000000070fc00000| Untracked 
|  93|0x000000070fe00000, 0x000000070fe00000, 0x0000000710000000|  0%| F|  |TAMS 0x000000070fe00000| PB 0x000000070fe00000| Untracked 
|  94|0x0000000710000000, 0x0000000710000000, 0x0000000710200000|  0%| F|  |TAMS 0x0000000710000000| PB 0x0000000710000000| Untracked 
|  95|0x0000000710200000, 0x0000000710200000, 0x0000000710400000|  0%| F|  |TAMS 0x0000000710200000| PB 0x0000000710200000| Untracked 
|  96|0x0000000710400000, 0x0000000710400000, 0x0000000710600000|  0%| F|  |TAMS 0x0000000710400000| PB 0x0000000710400000| Untracked 
|  97|0x0000000710600000, 0x0000000710600000, 0x0000000710800000|  0%| F|  |TAMS 0x0000000710600000| PB 0x0000000710600000| Untracked 
|  98|0x0000000710800000, 0x0000000710800000, 0x0000000710a00000|  0%| F|  |TAMS 0x0000000710800000| PB 0x0000000710800000| Untracked 
|  99|0x0000000710a00000, 0x0000000710a00000, 0x0000000710c00000|  0%| F|  |TAMS 0x0000000710a00000| PB 0x0000000710a00000| Untracked 
| 100|0x0000000710c00000, 0x0000000710c00000, 0x0000000710e00000|  0%| F|  |TAMS 0x0000000710c00000| PB 0x0000000710c00000| Untracked 
| 101|0x0000000710e00000, 0x0000000710e00000, 0x0000000711000000|  0%| F|  |TAMS 0x0000000710e00000| PB 0x0000000710e00000| Untracked 
| 102|0x0000000711000000, 0x0000000711000000, 0x0000000711200000|  0%| F|  |TAMS 0x0000000711000000| PB 0x0000000711000000| Untracked 
| 103|0x0000000711200000, 0x0000000711200000, 0x0000000711400000|  0%| F|  |TAMS 0x0000000711200000| PB 0x0000000711200000| Untracked 
| 104|0x0000000711400000, 0x0000000711400000, 0x0000000711600000|  0%| F|  |TAMS 0x0000000711400000| PB 0x0000000711400000| Untracked 
| 105|0x0000000711600000, 0x0000000711600000, 0x0000000711800000|  0%| F|  |TAMS 0x0000000711600000| PB 0x0000000711600000| Untracked 
| 106|0x0000000711800000, 0x0000000711800000, 0x0000000711a00000|  0%| F|  |TAMS 0x0000000711800000| PB 0x0000000711800000| Untracked 
| 107|0x0000000711a00000, 0x0000000711a00000, 0x0000000711c00000|  0%| F|  |TAMS 0x0000000711a00000| PB 0x0000000711a00000| Untracked 
| 108|0x0000000711c00000, 0x0000000711c00000, 0x0000000711e00000|  0%| F|  |TAMS 0x0000000711c00000| PB 0x0000000711c00000| Untracked 
| 109|0x0000000711e00000, 0x0000000711e00000, 0x0000000712000000|  0%| F|  |TAMS 0x0000000711e00000| PB 0x0000000711e00000| Untracked 
| 110|0x0000000712000000, 0x0000000712000000, 0x0000000712200000|  0%| F|  |TAMS 0x0000000712000000| PB 0x0000000712000000| Untracked 
| 111|0x0000000712200000, 0x0000000712200000, 0x0000000712400000|  0%| F|  |TAMS 0x0000000712200000| PB 0x0000000712200000| Untracked 
| 112|0x0000000712400000, 0x0000000712400000, 0x0000000712600000|  0%| F|  |TAMS 0x0000000712400000| PB 0x0000000712400000| Untracked 
| 113|0x0000000712600000, 0x0000000712600000, 0x0000000712800000|  0%| F|  |TAMS 0x0000000712600000| PB 0x0000000712600000| Untracked 
| 114|0x0000000712800000, 0x0000000712800000, 0x0000000712a00000|  0%| F|  |TAMS 0x0000000712800000| PB 0x0000000712800000| Untracked 
| 115|0x0000000712a00000, 0x0000000712a00000, 0x0000000712c00000|  0%| F|  |TAMS 0x0000000712a00000| PB 0x0000000712a00000| Untracked 
| 116|0x0000000712c00000, 0x0000000712c00000, 0x0000000712e00000|  0%| F|  |TAMS 0x0000000712c00000| PB 0x0000000712c00000| Untracked 
| 117|0x0000000712e00000, 0x0000000712f59b58, 0x0000000713000000| 67%| E|  |TAMS 0x0000000712e00000| PB 0x0000000712e00000| Complete 
| 118|0x0000000713000000, 0x0000000713200000, 0x0000000713200000|100%| E|CS|TAMS 0x0000000713000000| PB 0x0000000713000000| Complete 
| 119|0x0000000713200000, 0x0000000713400000, 0x0000000713400000|100%| E|CS|TAMS 0x0000000713200000| PB 0x0000000713200000| Complete 
| 120|0x0000000713400000, 0x0000000713600000, 0x0000000713600000|100%| E|CS|TAMS 0x0000000713400000| PB 0x0000000713400000| Complete 
| 121|0x0000000713600000, 0x0000000713800000, 0x0000000713800000|100%| E|CS|TAMS 0x0000000713600000| PB 0x0000000713600000| Complete 
| 122|0x0000000713800000, 0x0000000713a00000, 0x0000000713a00000|100%| E|CS|TAMS 0x0000000713800000| PB 0x0000000713800000| Complete 
| 123|0x0000000713a00000, 0x0000000713c00000, 0x0000000713c00000|100%| E|CS|TAMS 0x0000000713a00000| PB 0x0000000713a00000| Complete 
| 124|0x0000000713c00000, 0x0000000713e00000, 0x0000000713e00000|100%| E|CS|TAMS 0x0000000713c00000| PB 0x0000000713c00000| Complete 
| 125|0x0000000713e00000, 0x0000000714000000, 0x0000000714000000|100%| E|CS|TAMS 0x0000000713e00000| PB 0x0000000713e00000| Complete 

Card table byte_map: [0x000001a2c1750000,0x000001a2c1f30000] _byte_map_base: 0x000001a2bdf2e000

Marking Bits: (CMBitMap*) 0x000001a2ad6f3c90
 Bits: [0x000001a2c1f30000, 0x000001a2c5e20000)

Polling page: 0x000001a2ab510000

Metaspace:

Usage:
  Non-class:      7.90 MB used.
      Class:      1.01 MB used.
       Both:      8.91 MB used.

Virtual space:
  Non-class space:       64.00 MB reserved,       8.00 MB ( 12%) committed,  1 nodes.
      Class space:        1.00 GB reserved,       1.12 MB ( <1%) committed,  1 nodes.
             Both:        1.06 GB reserved,       9.12 MB ( <1%) committed. 

Chunk freelists:
   Non-Class:  7.94 MB
       Class:  14.70 MB
        Both:  22.64 MB

MaxMetaspaceSize: unlimited
CompressedClassSpaceSize: 1.00 GB
Initial GC threshold: 21.00 MB
Current GC threshold: 21.00 MB
CDS: on
 - commit_granule_bytes: 65536.
 - commit_granule_words: 8192.
 - virtual_space_node_default_size: 8388608.
 - enlarge_chunks_in_place: 1.
 - use_allocation_guard: 0.


Internal statistics:

num_allocs_failed_limit: 0.
num_arena_births: 230.
num_arena_deaths: 0.
num_vsnodes_births: 2.
num_vsnodes_deaths: 0.
num_space_committed: 146.
num_space_uncommitted: 0.
num_chunks_returned_to_freelist: 0.
num_chunks_taken_from_freelist: 400.
num_chunk_merges: 0.
num_chunk_splits: 226.
num_chunks_enlarged: 104.
num_inconsistent_stats: 0.

CodeHeap 'non-profiled nmethods': size=119168Kb used=397Kb max_used=397Kb free=118770Kb
 bounds [0x000001a2b9260000, 0x000001a2b94d0000, 0x000001a2c06c0000]
CodeHeap 'profiled nmethods': size=119104Kb used=2052Kb max_used=2052Kb free=117051Kb
 bounds [0x000001a2b16c0000, 0x000001a2b1930000, 0x000001a2b8b10000]
CodeHeap 'non-nmethods': size=7488Kb used=2556Kb max_used=2581Kb free=4931Kb
 bounds [0x000001a2b8b10000, 0x000001a2b8da0000, 0x000001a2b9260000]
 total_blobs=1744 nmethods=1227 adapters=420
 compilation: enabled
              stopped_count=0, restarted_count=0
 full_count=0

Compilation events (20 events):
Event: 0.330 Thread 0x000001a30e0b2c80 1179       3       java.lang.Boolean::valueOf (14 bytes)
Event: 0.330 Thread 0x000001a30e0b2c80 nmethod 1179 0x000001a2b1897390 code [0x000001a2b1897540, 0x000001a2b18976a8]
Event: 0.330 Thread 0x000001a2c8e8f880 1180       3       java.lang.invoke.MethodHandles$Lookup::resolveOrFail (48 bytes)
Event: 0.330 Thread 0x000001a30e0b2c80 1181       3       java.lang.invoke.MethodHandles$Lookup::checkMethodName (45 bytes)
Event: 0.331 Thread 0x000001a30e0b2c80 nmethod 1181 0x000001a2b1897710 code [0x000001a2b1897960, 0x000001a2b1898028]
Event: 0.331 Thread 0x000001a30e0b2c80 1182       3       sun.security.ec.XECOperations::bitAt (23 bytes)
Event: 0.331 Thread 0x000001a30e0b2c80 nmethod 1182 0x000001a2b1898310 code [0x000001a2b18984c0, 0x000001a2b1898658]
Event: 0.331 Thread 0x000001a30e0b2c80 1183       3       sun.security.util.math.intpoly.IntegerPolynomial25519::reduce (40 bytes)
Event: 0.331 Thread 0x000001a2c8e8f880 nmethod 1180 0x000001a2b1898790 code [0x000001a2b18989e0, 0x000001a2b1899098]
Event: 0.331 Thread 0x000001a30e86b8a0 1185       4       sun.security.util.math.intpoly.IntegerPolynomial$MutableElement::setDifference (6 bytes)
Event: 0.331 Thread 0x000001a2c8e8f880 1184       3       sun.security.util.math.intpoly.IntegerPolynomial25519::carryReduce (391 bytes)
Event: 0.331 Thread 0x000001a30e0b2c80 nmethod 1183 0x000001a2b1899390 code [0x000001a2b1899560, 0x000001a2b1899860]
Event: 0.331 Thread 0x000001a30e86bf40 1186       4       sun.security.util.math.intpoly.IntegerPolynomial$MutableElement::setProduct (6 bytes)
Event: 0.331 Thread 0x000001a2c8e8f880 nmethod 1184 0x000001a2b1899a10 code [0x000001a2b1899bc0, 0x000001a2b189a020]
Event: 0.335 Thread 0x000001a2c8e8f880 1188       3       sun.security.provider.ByteArrayAccess::b2iBig64 (231 bytes)
Event: 0.335 Thread 0x000001a30e0b25e0 1189       3       sun.security.provider.SHA2::implCompress0 (448 bytes)
Event: 0.335 Thread 0x000001a30e86b8a0 nmethod 1185 0x000001a2b92bdf90 code [0x000001a2b92be140, 0x000001a2b92be440]
Event: 0.335 Thread 0x000001a30e86b8a0 1187       4       sun.security.util.math.intpoly.IntegerPolynomial$MutableElement::setProduct (58 bytes)
Event: 0.335 Thread 0x000001a30e0b25e0 nmethod 1189 0x000001a2b189a210 code [0x000001a2b189a460, 0x000001a2b189b070]
Event: 0.337 Thread 0x000001a30e86bf40 nmethod 1186 0x000001a2b92be910 code [0x000001a2b92beb00, 0x000001a2b92bf058]

GC Heap History (0 events):
No events

Dll operation events (2 events):
Event: 0.005 Loaded shared library C:\Program Files\JetBrains\IntelliJ IDEA 2025.1\jbr\bin\java.dll
Event: 0.035 Loaded shared library C:\Program Files\JetBrains\IntelliJ IDEA 2025.1\jbr\bin\zip.dll

Deoptimization events (20 events):
Event: 0.331 Thread 0x000001a30e86df10 Uncommon trap: trap_request=0xffffff66 fr.pc=0x000001a2b92b8874 relative=0x0000000000000314
Event: 0.331 Thread 0x000001a30e86df10 Uncommon trap: reason=speculate_class_check action=maybe_recompile pc=0x000001a2b92b8874 method=sun.security.util.math.intpoly.IntegerPolynomial.multByInt([JJ)V @ 26 c2
Event: 0.331 Thread 0x000001a30e86df10 DEOPT PACKING pc=0x000001a2b92b8874 sp=0x00000035a73fe4c0
Event: 0.331 Thread 0x000001a30e86df10 DEOPT UNPACKING pc=0x000001a2b8b646a2 sp=0x00000035a73fe3a8 mode 2
Event: 0.331 Thread 0x000001a30e86df10 Uncommon trap: trap_request=0xffffff66 fr.pc=0x000001a2b92b8874 relative=0x0000000000000314
Event: 0.331 Thread 0x000001a30e86df10 Uncommon trap: reason=speculate_class_check action=maybe_recompile pc=0x000001a2b92b8874 method=sun.security.util.math.intpoly.IntegerPolynomial.multByInt([JJ)V @ 26 c2
Event: 0.331 Thread 0x000001a30e86df10 DEOPT PACKING pc=0x000001a2b92b8874 sp=0x00000035a73fe4c0
Event: 0.331 Thread 0x000001a30e86df10 DEOPT UNPACKING pc=0x000001a2b8b646a2 sp=0x00000035a73fe3a8 mode 2
Event: 0.331 Thread 0x000001a30e86df10 Uncommon trap: trap_request=0xffffff66 fr.pc=0x000001a2b92b8874 relative=0x0000000000000314
Event: 0.331 Thread 0x000001a30e86df10 Uncommon trap: reason=speculate_class_check action=maybe_recompile pc=0x000001a2b92b8874 method=sun.security.util.math.intpoly.IntegerPolynomial.multByInt([JJ)V @ 26 c2
Event: 0.331 Thread 0x000001a30e86df10 DEOPT PACKING pc=0x000001a2b92b8874 sp=0x00000035a73fe4c0
Event: 0.331 Thread 0x000001a30e86df10 DEOPT UNPACKING pc=0x000001a2b8b646a2 sp=0x00000035a73fe3a8 mode 2
Event: 0.331 Thread 0x000001a30e86df10 Uncommon trap: trap_request=0xffffff66 fr.pc=0x000001a2b92b7b74 relative=0x0000000000000314
Event: 0.331 Thread 0x000001a30e86df10 Uncommon trap: reason=speculate_class_check action=maybe_recompile pc=0x000001a2b92b7b74 method=sun.security.util.math.intpoly.IntegerPolynomial.multByInt([JJ)V @ 26 c2
Event: 0.331 Thread 0x000001a30e86df10 DEOPT PACKING pc=0x000001a2b92b7b74 sp=0x00000035a73fe450
Event: 0.331 Thread 0x000001a30e86df10 DEOPT UNPACKING pc=0x000001a2b8b646a2 sp=0x00000035a73fe3a0 mode 2
Event: 0.331 Thread 0x000001a30e86df10 Uncommon trap: trap_request=0xffffff66 fr.pc=0x000001a2b92b7b74 relative=0x0000000000000314
Event: 0.331 Thread 0x000001a30e86df10 Uncommon trap: reason=speculate_class_check action=maybe_recompile pc=0x000001a2b92b7b74 method=sun.security.util.math.intpoly.IntegerPolynomial.multByInt([JJ)V @ 26 c2
Event: 0.331 Thread 0x000001a30e86df10 DEOPT PACKING pc=0x000001a2b92b7b74 sp=0x00000035a73fe450
Event: 0.331 Thread 0x000001a30e86df10 DEOPT UNPACKING pc=0x000001a2b8b646a2 sp=0x00000035a73fe3a0 mode 2

Classes loaded (20 events):
Event: 0.336 Loading class javax/crypto/spec/GCMParameterSpec
Event: 0.336 Loading class javax/crypto/spec/GCMParameterSpec done
Event: 0.336 Loading class javax/crypto/NullCipher
Event: 0.336 Loading class javax/crypto/NullCipher done
Event: 0.336 Loading class com/sun/crypto/provider/GaloisCounterMode$GCMDecrypt
Event: 0.336 Loading class com/sun/crypto/provider/GaloisCounterMode$GCMEngine
Event: 0.336 Loading class com/sun/crypto/provider/GaloisCounterMode$GCMEngine done
Event: 0.336 Loading class com/sun/crypto/provider/GaloisCounterMode$GCMDecrypt done
Event: 0.336 Loading class com/sun/crypto/provider/GCTR
Event: 0.336 Loading class com/sun/crypto/provider/GCM
Event: 0.336 Loading class com/sun/crypto/provider/GCM done
Event: 0.336 Loading class com/sun/crypto/provider/CounterMode
Event: 0.336 Loading class com/sun/crypto/provider/CounterMode done
Event: 0.336 Loading class com/sun/crypto/provider/GCTR done
Event: 0.337 Loading class com/sun/crypto/provider/GHASH
Event: 0.337 Loading class com/sun/crypto/provider/GHASH done
Event: 0.337 Loading class com/sun/crypto/provider/GaloisCounterMode$DecryptOp
Event: 0.337 Loading class com/sun/crypto/provider/GaloisCounterMode$GCMOperation
Event: 0.337 Loading class com/sun/crypto/provider/GaloisCounterMode$GCMOperation done
Event: 0.337 Loading class com/sun/crypto/provider/GaloisCounterMode$DecryptOp done

Classes unloaded (0 events):
No events

Classes redefined (0 events):
No events

Internal exceptions (20 events):
Event: 0.167 Thread 0x000001a2ab393220 Exception <a 'java/lang/NoSuchMethodError'{0x00000007139786f8}: 'int java.lang.invoke.DirectMethodHandle$Holder.invokeStaticInit(java.lang.Object, long, long)'> (0x00000007139786f8) 
thrown [s\src\hotspot\share\interpreter\linkResolver.cpp, line 784]
Event: 0.167 Thread 0x000001a2ab393220 Exception <a 'java/lang/NoSuchMethodError'{0x000000071397f190}: 'int java.lang.invoke.DirectMethodHandle$Holder.invokeStaticInit(java.lang.Object, float, float)'> (0x000000071397f190) 
thrown [s\src\hotspot\share\interpreter\linkResolver.cpp, line 784]
Event: 0.168 Thread 0x000001a2ab393220 Exception <a 'java/lang/NoSuchMethodError'{0x0000000713985c20}: 'int java.lang.invoke.DirectMethodHandle$Holder.invokeStaticInit(java.lang.Object, double, double)'> (0x0000000713985c20) 
thrown [s\src\hotspot\share\interpreter\linkResolver.cpp, line 784]
Event: 0.168 Thread 0x000001a2ab393220 Exception <a 'java/lang/NoSuchMethodError'{0x000000071398a2a8}: 'int java.lang.invoke.DirectMethodHandle$Holder.invokeStatic(java.lang.Object, long)'> (0x000000071398a2a8) 
thrown [s\src\hotspot\share\interpreter\linkResolver.cpp, line 784]
Event: 0.170 Thread 0x000001a2ab393220 Exception <a 'java/lang/NoSuchMethodError'{0x00000007139b3e20}: 'java.lang.Object java.lang.invoke.DirectMethodHandle$Holder.invokeSpecial(java.lang.Object, java.lang.Object, int, java.lang.Object, java.lang.Object)'> (0x00000007139b3e20) 
thrown [s\src\hotspot\share\interpreter\linkResolver.cpp, line 784]
Event: 0.170 Thread 0x000001a2ab393220 Exception <a 'java/lang/NoSuchMethodError'{0x00000007139b77b0}: 'java.lang.Object java.lang.invoke.DelegatingMethodHandle$Holder.delegate(java.lang.Object, int, java.lang.Object, java.lang.Object)'> (0x00000007139b77b0) 
thrown [s\src\hotspot\share\interpreter\linkResolver.cpp, line 784]
Event: 0.172 Thread 0x000001a2ab393220 Exception <a 'java/lang/NoSuchMethodError'{0x00000007139c6b38}: 'int java.lang.invoke.Invokers$Holder.linkToTargetMethod(java.lang.Object, java.lang.Object, java.lang.Object)'> (0x00000007139c6b38) 
thrown [s\src\hotspot\share\interpreter\linkResolver.cpp, line 784]
Event: 0.174 Thread 0x000001a2ab393220 Exception <a 'java/lang/NoSuchMethodError'{0x00000007139f8e40}: 'long java.lang.invoke.DirectMethodHandle$Holder.invokeSpecial(java.lang.Object, java.lang.Object)'> (0x00000007139f8e40) 
thrown [s\src\hotspot\share\interpreter\linkResolver.cpp, line 784]
Event: 0.174 Thread 0x000001a2ab393220 Exception <a 'java/lang/NoSuchMethodError'{0x00000007139ff710}: 'int java.lang.invoke.DirectMethodHandle$Holder.invokeStatic(java.lang.Object, java.lang.Object, java.lang.Object, java.lang.Object)'> (0x00000007139ff710) 
thrown [s\src\hotspot\share\interpreter\linkResolver.cpp, line 784]
Event: 0.174 Thread 0x000001a2ab393220 Exception <a 'java/lang/NoSuchMethodError'{0x0000000713602e98}: 'java.lang.Object java.lang.invoke.Invokers$Holder.invokeExact_MT(java.lang.Object, java.lang.Object, java.lang.Object, java.lang.Object, java.lang.Object, java.lang.Object)'> (0x0000000713602e98) 
thrown [s\src\hotspot\share\interpreter\linkResolver.cpp, line 784]
Event: 0.221 Thread 0x000001a2ab393220 Exception <a 'java/lang/NoSuchMethodError'{0x000000071341dd08}: 'java.lang.Object java.lang.invoke.DirectMethodHandle$Holder.newInvokeSpecial(java.lang.Object, java.lang.Object, java.lang.Object, java.lang.Object, java.lang.Object)'> (0x000000071341dd08) 
thrown [s\src\hotspot\share\interpreter\linkResolver.cpp, line 784]
Event: 0.239 Thread 0x000001a2ab393220 Exception <a 'java/lang/NoSuchMethodError'{0x00000007135a6b18}: 'java.lang.Object java.lang.invoke.DirectMethodHandle$Holder.invokeSpecial(java.lang.Object, java.lang.Object, java.lang.Object, java.lang.Object, int)'> (0x00000007135a6b18) 
thrown [s\src\hotspot\share\interpreter\linkResolver.cpp, line 784]
Event: 0.239 Thread 0x000001a2ab393220 Exception <a 'java/lang/NoSuchMethodError'{0x00000007135aa480}: 'java.lang.Object java.lang.invoke.Invokers$Holder.linkToTargetMethod(java.lang.Object, java.lang.Object, int, java.lang.Object)'> (0x00000007135aa480) 
thrown [s\src\hotspot\share\interpreter\linkResolver.cpp, line 784]
Event: 0.243 Thread 0x000001a2ab393220 Exception <a 'java/lang/NoSuchMethodError'{0x00000007135d8778}: 'void java.lang.invoke.DirectMethodHandle$Holder.invokeSpecial(java.lang.Object, java.lang.Object, java.lang.Object)'> (0x00000007135d8778) 
thrown [s\src\hotspot\share\interpreter\linkResolver.cpp, line 784]
Event: 0.250 Thread 0x000001a30e7dd6e0 Exception <a 'java/lang/NoSuchMethodError'{0x00000007137e5648}: 'void java.lang.invoke.DirectMethodHandle$Holder.invokeStatic(java.lang.Object, java.lang.Object, int)'> (0x00000007137e5648) 
thrown [s\src\hotspot\share\interpreter\linkResolver.cpp, line 784]
Event: 0.251 Thread 0x000001a2ab393220 Exception <a 'java/lang/NoSuchMethodError'{0x00000007132682f0}: 'void java.lang.invoke.DirectMethodHandle$Holder.invokeSpecial(java.lang.Object, java.lang.Object, java.lang.Object, java.lang.Object, java.lang.Object)'> (0x00000007132682f0) 
thrown [s\src\hotspot\share\interpreter\linkResolver.cpp, line 784]
Event: 0.254 Thread 0x000001a30e7dd6e0 Exception <a 'java/lang/NoSuchMethodError'{0x0000000713300ea8}: 'void java.lang.invoke.DirectMethodHandle$Holder.invokeStatic(java.lang.Object, java.lang.Object)'> (0x0000000713300ea8) 
thrown [s\src\hotspot\share\interpreter\linkResolver.cpp, line 784]
Event: 0.254 Thread 0x000001a30e86df10 Exception <a 'java/lang/NoSuchMethodError'{0x0000000713376878}: 'void java.lang.invoke.DirectMethodHandle$Holder.invokeInterface(java.lang.Object, java.lang.Object, java.lang.Object)'> (0x0000000713376878) 
thrown [s\src\hotspot\share\interpreter\linkResolver.cpp, line 784]
Event: 0.258 Thread 0x000001a30e86df10 Exception <a 'java/lang/NoSuchMethodError'{0x00000007133c5d30}: 'void java.lang.invoke.DirectMethodHandle$Holder.invokeVirtual(java.lang.Object, java.lang.Object)'> (0x00000007133c5d30) 
thrown [s\src\hotspot\share\interpreter\linkResolver.cpp, line 784]
Event: 0.326 Thread 0x000001a30e86df10 Exception <a 'java/lang/NoSuchMethodError'{0x00000007131d6e10}: 'void java.lang.invoke.DirectMethodHandle$Holder.invokeInterface(java.lang.Object, java.lang.Object)'> (0x00000007131d6e10) 
thrown [s\src\hotspot\share\interpreter\linkResolver.cpp, line 784]

ZGC Phase Switch (0 events):
No events

VM Operations (10 events):
Event: 0.044 Executing VM operation: HandshakeAllThreads (Deoptimize)
Event: 0.044 Executing VM operation: HandshakeAllThreads (Deoptimize) done
Event: 0.048 Executing VM operation: HandshakeAllThreads (Deoptimize)
Event: 0.048 Executing VM operation: HandshakeAllThreads (Deoptimize) done
Event: 0.135 Executing VM operation: HandshakeAllThreads (Deoptimize)
Event: 0.135 Executing VM operation: HandshakeAllThreads (Deoptimize) done
Event: 0.251 Executing VM operation: HandshakeAllThreads (Deoptimize)
Event: 0.251 Executing VM operation: HandshakeAllThreads (Deoptimize) done
Event: 0.329 Executing VM operation: ICBufferFull
Event: 0.329 Executing VM operation: ICBufferFull done

Memory protections (0 events):
No events

Nmethod flushes (0 events):
No events

Events (20 events):
Event: 0.025 Thread 0x000001a2ab393220 Thread added: 0x000001a2c8e8b3b0
Event: 0.025 Thread 0x000001a2ab393220 Thread added: 0x000001a2c8e8bf30
Event: 0.026 Thread 0x000001a2ab393220 Thread added: 0x000001a2c8e8edf0
Event: 0.026 Thread 0x000001a2ab393220 Thread added: 0x000001a2c8e8f880
Event: 0.031 Thread 0x000001a2c8e8f880 Thread added: 0x000001a30e0b25e0
Event: 0.031 Thread 0x000001a2c8e8f880 Thread added: 0x000001a30e0b2c80
Event: 0.034 Thread 0x000001a2ab393220 Thread added: 0x000001a30e1492e0
Event: 0.036 Thread 0x000001a2ab393220 Thread added: 0x000001a30e14b330
Event: 0.038 Loaded shared library C:\Program Files\JetBrains\IntelliJ IDEA 2025.1\jbr\bin\net.dll
Event: 0.039 Loaded shared library C:\Program Files\JetBrains\IntelliJ IDEA 2025.1\jbr\bin\nio.dll
Event: 0.041 Loaded shared library C:\Program Files\JetBrains\IntelliJ IDEA 2025.1\jbr\bin\zip.dll
Event: 0.072 Loaded shared library C:\Program Files\JetBrains\IntelliJ IDEA 2025.1\jbr\bin\jimage.dll
Event: 0.078 Loaded shared library C:\Program Files\JetBrains\IntelliJ IDEA 2025.1\jbr\bin\sunmscapi.dll
Event: 0.215 Loaded shared library C:\Program Files\JetBrains\IntelliJ IDEA 2025.1\jbr\bin\extnet.dll
Event: 0.219 Thread 0x000001a2ab393220 Thread added: 0x000001a30e7dd6e0
Event: 0.253 Thread 0x000001a30e7dd6e0 Thread added: 0x000001a30e86df10
Event: 0.263 Thread 0x000001a30e7dd6e0 Thread added: 0x000001a30e866d70
Event: 0.289 Thread 0x000001a30e0b25e0 Thread added: 0x000001a30e86b8a0
Event: 0.290 Thread 0x000001a30e0b2c80 Thread added: 0x000001a30e86bf40
Event: 0.291 Thread 0x000001a30e0b2c80 Thread added: 0x000001a30e8dd290


Dynamic libraries:
0x00007ff6795c0000 - 0x00007ff6795ca000 	C:\Program Files\JetBrains\IntelliJ IDEA 2025.1\jbr\bin\java.exe
0x00007ffe04390000 - 0x00007ffe045a7000 	C:\WINDOWS\SYSTEM32\ntdll.dll
0x00007ffe03240000 - 0x00007ffe03304000 	C:\WINDOWS\System32\KERNEL32.DLL
0x00007ffe018b0000 - 0x00007ffe01c83000 	C:\WINDOWS\System32\KERNELBASE.dll
0x00007ffe014d0000 - 0x00007ffe015e1000 	C:\WINDOWS\System32\ucrtbase.dll
0x00007ffdc4760000 - 0x00007ffdc477b000 	C:\Program Files\JetBrains\IntelliJ IDEA 2025.1\jbr\bin\VCRUNTIME140.dll
0x00007ffdbc890000 - 0x00007ffdbc8a8000 	C:\Program Files\JetBrains\IntelliJ IDEA 2025.1\jbr\bin\jli.dll
0x00007ffe03070000 - 0x00007ffe03221000 	C:\WINDOWS\System32\USER32.dll
0x00007ffe014a0000 - 0x00007ffe014c6000 	C:\WINDOWS\System32\win32u.dll
0x00007ffe02760000 - 0x00007ffe02789000 	C:\WINDOWS\System32\GDI32.dll
0x00007ffe01dd0000 - 0x00007ffe01eeb000 	C:\WINDOWS\System32\gdi32full.dll
0x00007ffde51f0000 - 0x00007ffde5488000 	C:\WINDOWS\WinSxS\amd64_microsoft.windows.common-controls_6595b64144ccf1df_6.0.22621.5124_none_270e8f4f7386d69d\COMCTL32.dll
0x00007ffe01810000 - 0x00007ffe018aa000 	C:\WINDOWS\System32\msvcp_win.dll
0x00007ffe026b0000 - 0x00007ffe02757000 	C:\WINDOWS\System32\msvcrt.dll
0x00007ffe03030000 - 0x00007ffe03061000 	C:\WINDOWS\System32\IMM32.DLL
0x00007ffdf5460000 - 0x00007ffdf546c000 	C:\Program Files\JetBrains\IntelliJ IDEA 2025.1\jbr\bin\vcruntime140_1.dll
0x00007ffda0830000 - 0x00007ffda08bd000 	C:\Program Files\JetBrains\IntelliJ IDEA 2025.1\jbr\bin\msvcp140.dll
0x00007ffd27e80000 - 0x00007ffd28c41000 	C:\Program Files\JetBrains\IntelliJ IDEA 2025.1\jbr\bin\server\jvm.dll
0x00007ffe03cc0000 - 0x00007ffe03d71000 	C:\WINDOWS\System32\ADVAPI32.dll
0x00007ffe04090000 - 0x00007ffe04138000 	C:\WINDOWS\System32\sechost.dll
0x00007ffe01760000 - 0x00007ffe01788000 	C:\WINDOWS\System32\bcrypt.dll
0x00007ffe02030000 - 0x00007ffe02144000 	C:\WINDOWS\System32\RPCRT4.dll
0x00007ffe025a0000 - 0x00007ffe02611000 	C:\WINDOWS\System32\WS2_32.dll
0x00007ffe002e0000 - 0x00007ffe0032d000 	C:\WINDOWS\SYSTEM32\POWRPROF.dll
0x00007ffdf9240000 - 0x00007ffdf9274000 	C:\WINDOWS\SYSTEM32\WINMM.dll
0x00007ffdf8780000 - 0x00007ffdf878a000 	C:\WINDOWS\SYSTEM32\VERSION.dll
0x00007ffe002c0000 - 0x00007ffe002d3000 	C:\WINDOWS\SYSTEM32\UMPDC.dll
0x00007ffe00580000 - 0x00007ffe00598000 	C:\WINDOWS\SYSTEM32\kernel.appcore.dll
0x00007ffde4da0000 - 0x00007ffde4daa000 	C:\Program Files\JetBrains\IntelliJ IDEA 2025.1\jbr\bin\jimage.dll
0x00007ffdfe8b0000 - 0x00007ffdfeae2000 	C:\WINDOWS\SYSTEM32\DBGHELP.DLL
0x00007ffe037f0000 - 0x00007ffe03b82000 	C:\WINDOWS\System32\combase.dll
0x00007ffe02150000 - 0x00007ffe02227000 	C:\WINDOWS\System32\OLEAUT32.dll
0x00007ffdf5e90000 - 0x00007ffdf5ec2000 	C:\WINDOWS\SYSTEM32\dbgcore.DLL
0x00007ffe01790000 - 0x00007ffe0180b000 	C:\WINDOWS\System32\bcryptPrimitives.dll
0x00007ffdc3560000 - 0x00007ffdc3580000 	C:\Program Files\JetBrains\IntelliJ IDEA 2025.1\jbr\bin\java.dll
0x00007ffe02790000 - 0x00007ffe03026000 	C:\WINDOWS\System32\SHELL32.dll
0x00007ffe01ef0000 - 0x00007ffe0202f000 	C:\WINDOWS\System32\wintypes.dll
0x00007ffdff380000 - 0x00007ffdffc9a000 	C:\WINDOWS\SYSTEM32\windows.storage.dll
0x00007ffe03bb0000 - 0x00007ffe03cba000 	C:\WINDOWS\System32\SHCORE.dll
0x00007ffe02640000 - 0x00007ffe026a3000 	C:\WINDOWS\System32\shlwapi.dll
0x00007ffe013d0000 - 0x00007ffe013fb000 	C:\WINDOWS\SYSTEM32\profapi.dll
0x00007ffdc3540000 - 0x00007ffdc3558000 	C:\Program Files\JetBrains\IntelliJ IDEA 2025.1\jbr\bin\zip.dll
0x00007ffdc53b0000 - 0x00007ffdc53c0000 	C:\Program Files\JetBrains\IntelliJ IDEA 2025.1\jbr\bin\net.dll
0x00007ffdfcbf0000 - 0x00007ffdfcd1c000 	C:\WINDOWS\SYSTEM32\WINHTTP.dll
0x00007ffe009f0000 - 0x00007ffe00a5a000 	C:\WINDOWS\system32\mswsock.dll
0x00007ffdc3520000 - 0x00007ffdc3536000 	C:\Program Files\JetBrains\IntelliJ IDEA 2025.1\jbr\bin\nio.dll
0x00007ffdc4140000 - 0x00007ffdc414e000 	C:\Program Files\JetBrains\IntelliJ IDEA 2025.1\jbr\bin\sunmscapi.dll
0x00007ffe015f0000 - 0x00007ffe01757000 	C:\WINDOWS\System32\CRYPT32.dll
0x00007ffe00e30000 - 0x00007ffe00e5d000 	C:\WINDOWS\SYSTEM32\ncrypt.dll
0x00007ffe00df0000 - 0x00007ffe00e27000 	C:\WINDOWS\SYSTEM32\NTASN1.dll
0x00007ffe00ce0000 - 0x00007ffe00cfb000 	C:\WINDOWS\SYSTEM32\CRYPTSP.dll
0x00007ffe004e0000 - 0x00007ffe00517000 	C:\WINDOWS\system32\rsaenh.dll
0x00007ffe00a90000 - 0x00007ffe00ab8000 	C:\WINDOWS\SYSTEM32\USERENV.dll
0x00007ffe00bf0000 - 0x00007ffe00bfc000 	C:\WINDOWS\SYSTEM32\CRYPTBASE.dll
0x00007ffdfffb0000 - 0x00007ffdfffdd000 	C:\WINDOWS\SYSTEM32\IPHLPAPI.DLL
0x00007ffe03230000 - 0x00007ffe03239000 	C:\WINDOWS\System32\NSI.dll
0x00007ffdf5000000 - 0x00007ffdf5008000 	C:\WINDOWS\system32\wshunix.dll
0x00007ffdc37c0000 - 0x00007ffdc37c9000 	C:\Program Files\JetBrains\IntelliJ IDEA 2025.1\jbr\bin\extnet.dll

dbghelp: loaded successfully - version: 4.0.5 - missing functions: none
symbol engine: initialized successfully - sym options: 0x614 - pdb path: .;C:\Program Files\JetBrains\IntelliJ IDEA 2025.1\jbr\bin;C:\WINDOWS\SYSTEM32;C:\WINDOWS\WinSxS\amd64_microsoft.windows.common-controls_6595b64144ccf1df_6.0.22621.5124_none_270e8f4f7386d69d;C:\Program Files\JetBrains\IntelliJ IDEA 2025.1\jbr\bin\server

VM Arguments:
java_command: git4idea.http.GitAskPassApp Password for 'https://Joshot@github.com': 
java_class_path (initial): C:/Program Files/JetBrains/IntelliJ IDEA 2025.1/plugins/vcs-git/lib/git4idea-rt.jar;C:/Program Files/JetBrains/IntelliJ IDEA 2025.1/lib/externalProcess-rt.jar
Launcher Type: SUN_STANDARD

[Global flags]
     intx CICompilerCount                          = 12                                        {product} {ergonomic}
     uint ConcGCThreads                            = 3                                         {product} {ergonomic}
     uint G1ConcRefinementThreads                  = 13                                        {product} {ergonomic}
   size_t G1HeapRegionSize                         = 2097152                                   {product} {ergonomic}
    uintx GCDrainStackTargetSize                   = 64                                        {product} {ergonomic}
   size_t InitialHeapSize                          = 264241152                                 {product} {ergonomic}
   size_t MarkStackSize                            = 4194304                                   {product} {ergonomic}
   size_t MaxHeapSize                              = 4223664128                                {product} {ergonomic}
   size_t MaxNewSize                               = 2533359616                                {product} {ergonomic}
   size_t MinHeapDeltaBytes                        = 2097152                                   {product} {ergonomic}
   size_t MinHeapSize                              = 8388608                                   {product} {ergonomic}
    uintx NonNMethodCodeHeapSize                   = 7602480                                {pd product} {ergonomic}
    uintx NonProfiledCodeHeapSize                  = 122027880                              {pd product} {ergonomic}
    uintx ProfiledCodeHeapSize                     = 122027880                              {pd product} {ergonomic}
    uintx ReservedCodeCacheSize                    = 251658240                              {pd product} {ergonomic}
     bool SegmentedCodeCache                       = true                                      {product} {ergonomic}
   size_t SoftMaxHeapSize                          = 4223664128                             {manageable} {ergonomic}
     bool UseCompressedOops                        = true                           {product lp64_product} {ergonomic}
     bool UseG1GC                                  = true                                      {product} {ergonomic}
     bool UseLargePagesIndividualAllocation        = false                                  {pd product} {ergonomic}

Logging:
Log output configuration:
 #0: stdout all=warning uptime,level,tags foldmultilines=false
 #1: stderr all=off uptime,level,tags foldmultilines=false

Environment Variables:
PATH=C:/Program Files/Git/mingw64/libexec/git-core;C:/Program Files/Git/mingw64/libexec/git-core;C:\Program Files\Git\mingw64\bin;C:\Program Files\Git\usr\bin;C:\Users\joshu\bin;C:\Python313\Scripts\;C:\Python313\;C:\WINDOWS\system32;C:\WINDOWS;C:\WINDOWS\System32\Wbem;C:\WINDOWS\System32\WindowsPowerShell\v1.0\;C:\WINDOWS\System32\OpenSSH\;C:\Program Files\NVIDIA Corporation\NVIDIA NvDLISR;C:\Program Files (x86)\NVIDIA Corporation\PhysX\Common;C:\xampp\php;C:\Program Files\Git\cmd;C:\Program Files (x86)\Git\cmd;C:\Program Files\nodejs;C:\Program Files\nodejs\;C:\ProgramData\chocolatey\bin;C:\ProgramData\ComposerSetup\bin;C:\Users\joshu\AppData\Local\Microsoft\WindowsApps;C:\Users\joshu\AppData\Local\GitHubDesktop\bin;C:\ProgramData\ComposerSetup\bin;C:\Users\joshu\AppData\Roaming\npm;C:\Users\joshu\AppData\Roaming\Composer\vendor\bin;C:\Users\joshu\AppData\Local\Programs\Microsoft VS Code\bin
USERNAME=joshu
DISPLAY=:0.0
LC_ALL=en_US.UTF-8
TERM=xterm-256color
TMPDIR=C:\Users\joshu\AppData\Local\Temp
OS=Windows_NT
PROCESSOR_IDENTIFIER=Intel64 Family 6 Model 154 Stepping 3, GenuineIntel
TMP=C:\Users\joshu\AppData\Local\Temp
TEMP=C:\Users\joshu\AppData\Local\Temp




Periodic native trim disabled

JNI global refs:
JNI global refs: 28, weak refs: 0

JNI global refs memory usage: 835, weak refs: 833

Process memory usage:
Resident Set Size: 86004K (0% of 16495736K total physical memory with 812012K free physical memory)

OOME stack traces (most recent first):
Classloader memory used:
Loader bootstrap                                                                       : 7313K
Loader jdk.internal.loader.ClassLoaders$PlatformClassLoader                            : 1898K
Loader jdk.internal.loader.ClassLoaders$AppClassLoader                                 : 16448B

---------------  S Y S T E M  ---------------

OS:
 Windows 11 , 64 bit Build 22621 (10.0.22621.5124)
OS uptime: 22 days 4:13 hours
Hyper-V role detected

CPU: total 16 (initial active 16) (8 cores per cpu, 2 threads per core) family 6 model 154 stepping 3 microcode 0x419, cx8, cmov, fxsr, ht, mmx, 3dnowpref, sse, sse2, sse3, ssse3, sse4.1, sse4.2, popcnt, lzcnt, tsc, tscinvbit, avx, avx2, aes, erms, clmul, bmi1, bmi2, adx, sha, fma, vzeroupper, clflush, clflushopt, clwb, hv, serialize, rdtscp, rdpid, fsrm, f16c, cet_ibt, cet_ss
Processor Information for processor 0
  Max Mhz: 2300, Current Mhz: 2300, Mhz Limit: 2300
Processor Information for processor 1
  Max Mhz: 2300, Current Mhz: 2300, Mhz Limit: 2300
Processor Information for processor 2
  Max Mhz: 2300, Current Mhz: 2300, Mhz Limit: 2300
Processor Information for processor 3
  Max Mhz: 2300, Current Mhz: 2300, Mhz Limit: 2300
Processor Information for processor 4
  Max Mhz: 2300, Current Mhz: 2300, Mhz Limit: 2300
Processor Information for processor 5
  Max Mhz: 2300, Current Mhz: 2300, Mhz Limit: 2300
Processor Information for processor 6
  Max Mhz: 2300, Current Mhz: 2300, Mhz Limit: 2300
Processor Information for processor 7
  Max Mhz: 2300, Current Mhz: 2300, Mhz Limit: 2300
Processor Information for processor 8
  Max Mhz: 2300, Current Mhz: 2300, Mhz Limit: 2300
Processor Information for processor 9
  Max Mhz: 2300, Current Mhz: 2300, Mhz Limit: 2300
Processor Information for processor 10
  Max Mhz: 2300, Current Mhz: 2300, Mhz Limit: 2300
Processor Information for processor 11
  Max Mhz: 2300, Current Mhz: 2300, Mhz Limit: 2300
Processor Information for processor 12
  Max Mhz: 2300, Current Mhz: 1700, Mhz Limit: 1679
Processor Information for processor 13
  Max Mhz: 2300, Current Mhz: 1700, Mhz Limit: 1679
Processor Information for processor 14
  Max Mhz: 2300, Current Mhz: 1700, Mhz Limit: 1679
Processor Information for processor 15
  Max Mhz: 2300, Current Mhz: 1700, Mhz Limit: 1679

Memory: 4k page, system-wide physical 16109M (792M free)
TotalPageFile size 65261M (AvailPageFile size 4M)
current process WorkingSet (physical memory assigned to process): 84M, peak: 84M
current process commit charge ("private bytes"): 371M, peak: 372M

vm_info: OpenJDK 64-Bit Server VM (21.0.6+9-b895.109) for windows-amd64 JRE (21.0.6+9-b895.109), built on 2025-03-26 by "builduser" with MS VC++ 16.10 / 16.11 (VS2019)

END.
